<!DOCTYPE html>
<html>
  <head>
    <meta charset="utf-8"/>
    <title>report.html</title>
    <link href="assets/style.css" rel="stylesheet" type="text/css"/></head>
  <body onLoad="init()">
    <script>/* This Source Code Form is subject to the terms of the Mozilla Public
 * License, v. 2.0. If a copy of the MPL was not distributed with this file,
 * You can obtain one at http://mozilla.org/MPL/2.0/. */


function toArray(iter) {
    if (iter === null) {
        return null;
    }
    return Array.prototype.slice.call(iter);
}

function find(selector, elem) { // eslint-disable-line no-redeclare
    if (!elem) {
        elem = document;
    }
    return elem.querySelector(selector);
}

function findAll(selector, elem) {
    if (!elem) {
        elem = document;
    }
    return toArray(elem.querySelectorAll(selector));
}

function sortColumn(elem) {
    toggleSortStates(elem);
    const colIndex = toArray(elem.parentNode.childNodes).indexOf(elem);
    let key;
    if (elem.classList.contains('result')) {
        key = keyResult;
    } else if (elem.classList.contains('links')) {
        key = keyLink;
    } else {
        key = keyAlpha;
    }
    sortTable(elem, key(colIndex));
}

function showAllExtras() { // eslint-disable-line no-unused-vars
    findAll('.col-result').forEach(showExtras);
}

function hideAllExtras() { // eslint-disable-line no-unused-vars
    findAll('.col-result').forEach(hideExtras);
}

function showExtras(colresultElem) {
    const extras = colresultElem.parentNode.nextElementSibling;
    const expandcollapse = colresultElem.firstElementChild;
    extras.classList.remove('collapsed');
    expandcollapse.classList.remove('expander');
    expandcollapse.classList.add('collapser');
}

function hideExtras(colresultElem) {
    const extras = colresultElem.parentNode.nextElementSibling;
    const expandcollapse = colresultElem.firstElementChild;
    extras.classList.add('collapsed');
    expandcollapse.classList.remove('collapser');
    expandcollapse.classList.add('expander');
}

function showFilters() {
    let visibleString = getQueryParameter('visible') || 'all';
    visibleString = visibleString.toLowerCase();
    const checkedItems = visibleString.split(',');

    const filterItems = document.getElementsByClassName('filter');
    for (let i = 0; i < filterItems.length; i++) {
        filterItems[i].hidden = false;

        if (visibleString != 'all') {
            filterItems[i].checked = checkedItems.includes(filterItems[i].getAttribute('data-test-result'));
            filterTable(filterItems[i]);
        }
    }
}

function addCollapse() {
    // Add links for show/hide all
    const resulttable = find('table#results-table');
    const showhideall = document.createElement('p');
    showhideall.innerHTML = '<a href="javascript:showAllExtras()">Show all details</a> / ' +
                            '<a href="javascript:hideAllExtras()">Hide all details</a>';
    resulttable.parentElement.insertBefore(showhideall, resulttable);

    // Add show/hide link to each result
    findAll('.col-result').forEach(function(elem) {
        const collapsed = getQueryParameter('collapsed') || 'Passed';
        const extras = elem.parentNode.nextElementSibling;
        const expandcollapse = document.createElement('span');
        if (extras.classList.contains('collapsed')) {
            expandcollapse.classList.add('expander');
        } else if (collapsed.includes(elem.innerHTML)) {
            extras.classList.add('collapsed');
            expandcollapse.classList.add('expander');
        } else {
            expandcollapse.classList.add('collapser');
        }
        elem.appendChild(expandcollapse);

        elem.addEventListener('click', function(event) {
            if (event.currentTarget.parentNode.nextElementSibling.classList.contains('collapsed')) {
                showExtras(event.currentTarget);
            } else {
                hideExtras(event.currentTarget);
            }
        });
    });
}

function getQueryParameter(name) {
    const match = RegExp('[?&]' + name + '=([^&]*)').exec(window.location.search);
    return match && decodeURIComponent(match[1].replace(/\+/g, ' '));
}

function init () { // eslint-disable-line no-unused-vars
    resetSortHeaders();

    addCollapse();

    showFilters();

    sortColumn(find('.initial-sort'));

    findAll('.sortable').forEach(function(elem) {
        elem.addEventListener('click',
            function() {
                sortColumn(elem);
            }, false);
    });
}

function sortTable(clicked, keyFunc) {
    const rows = findAll('.results-table-row');
    const reversed = !clicked.classList.contains('asc');
    const sortedRows = sort(rows, keyFunc, reversed);
    /* Whole table is removed here because browsers acts much slower
     * when appending existing elements.
     */
    const thead = document.getElementById('results-table-head');
    document.getElementById('results-table').remove();
    const parent = document.createElement('table');
    parent.id = 'results-table';
    parent.appendChild(thead);
    sortedRows.forEach(function(elem) {
        parent.appendChild(elem);
    });
    document.getElementsByTagName('BODY')[0].appendChild(parent);
}

function sort(items, keyFunc, reversed) {
    const sortArray = items.map(function(item, i) {
        return [keyFunc(item), i];
    });

    sortArray.sort(function(a, b) {
        const keyA = a[0];
        const keyB = b[0];

        if (keyA == keyB) return 0;

        if (reversed) {
            return keyA < keyB ? 1 : -1;
        } else {
            return keyA > keyB ? 1 : -1;
        }
    });

    return sortArray.map(function(item) {
        const index = item[1];
        return items[index];
    });
}

function keyAlpha(colIndex) {
    return function(elem) {
        return elem.childNodes[1].childNodes[colIndex].firstChild.data.toLowerCase();
    };
}

function keyLink(colIndex) {
    return function(elem) {
        const dataCell = elem.childNodes[1].childNodes[colIndex].firstChild;
        return dataCell == null ? '' : dataCell.innerText.toLowerCase();
    };
}

function keyResult(colIndex) {
    return function(elem) {
        const strings = ['Error', 'Failed', 'Rerun', 'XFailed', 'XPassed',
            'Skipped', 'Passed'];
        return strings.indexOf(elem.childNodes[1].childNodes[colIndex].firstChild.data);
    };
}

function resetSortHeaders() {
    findAll('.sort-icon').forEach(function(elem) {
        elem.parentNode.removeChild(elem);
    });
    findAll('.sortable').forEach(function(elem) {
        const icon = document.createElement('div');
        icon.className = 'sort-icon';
        icon.textContent = 'vvv';
        elem.insertBefore(icon, elem.firstChild);
        elem.classList.remove('desc', 'active');
        elem.classList.add('asc', 'inactive');
    });
}

function toggleSortStates(elem) {
    //if active, toggle between asc and desc
    if (elem.classList.contains('active')) {
        elem.classList.toggle('asc');
        elem.classList.toggle('desc');
    }

    //if inactive, reset all other functions and add ascending active
    if (elem.classList.contains('inactive')) {
        resetSortHeaders();
        elem.classList.remove('inactive');
        elem.classList.add('active');
    }
}

function isAllRowsHidden(value) {
    return value.hidden == false;
}

function filterTable(elem) { // eslint-disable-line no-unused-vars
    const outcomeAtt = 'data-test-result';
    const outcome = elem.getAttribute(outcomeAtt);
    const classOutcome = outcome + ' results-table-row';
    const outcomeRows = document.getElementsByClassName(classOutcome);

    for(let i = 0; i < outcomeRows.length; i++){
        outcomeRows[i].hidden = !elem.checked;
    }

    const rows = findAll('.results-table-row').filter(isAllRowsHidden);
    const allRowsHidden = rows.length == 0 ? true : false;
    const notFoundMessage = document.getElementById('not-found-message');
    notFoundMessage.hidden = !allRowsHidden;
}
</script>
    <h1>report.html</h1>
    <p>Report generated on 16-Feb-2025 at 14:11:56 by <a href="https://pypi.python.org/pypi/pytest-html">pytest-html</a> v3.2.0</p>
    <h2>Summary</h2>
    <p>0 tests ran in 0.32 seconds. </p>
    <p class="filter" hidden="true">(Un)check the boxes to filter the results.</p><input checked="true" class="filter" data-test-result="passed" disabled="true" hidden="true" name="filter_checkbox" onChange="filterTable(this)" type="checkbox"/><span class="passed">0 passed</span>, <input checked="true" class="filter" data-test-result="skipped" disabled="true" hidden="true" name="filter_checkbox" onChange="filterTable(this)" type="checkbox"/><span class="skipped">0 skipped</span>, <input checked="true" class="filter" data-test-result="failed" disabled="true" hidden="true" name="filter_checkbox" onChange="filterTable(this)" type="checkbox"/><span class="failed">0 failed</span>, <input checked="true" class="filter" data-test-result="error" hidden="true" name="filter_checkbox" onChange="filterTable(this)" type="checkbox"/><span class="error">5 errors</span>, <input checked="true" class="filter" data-test-result="xfailed" disabled="true" hidden="true" name="filter_checkbox" onChange="filterTable(this)" type="checkbox"/><span class="xfailed">0 expected failures</span>, <input checked="true" class="filter" data-test-result="xpassed" disabled="true" hidden="true" name="filter_checkbox" onChange="filterTable(this)" type="checkbox"/><span class="xpassed">0 unexpected passes</span>
    <h2>Results</h2>
    <table id="results-table">
      <thead id="results-table-head">
        <tr>
          <th class="sortable result initial-sort" col="result">Result</th>
          <th class="sortable" col="name">Test</th>
          <th class="sortable" col="duration">Duration</th>
          <th class="sortable links" col="links">Links</th></tr>
        <tr hidden="true" id="not-found-message">
          <th colspan="4">No results found. Try to check the filters</th></tr></thead>
      <tbody class="error results-table-row">
        <tr>
          <td class="col-result">Error</td>
          <td class="col-name">tests/ui/test_booking_flow.py::TestBookingFlow::test_complete_flight_booking::setup</td>
          <td class="col-duration">0.04</td>
          <td class="col-links"></td></tr>
        <tr>
          <td class="extra" colspan="4">
            <div class="log">self = &lt;selenium.webdriver.common.driver_finder.DriverFinder object at 0x7f59babe1790&gt;<br/><br/>    def _binary_paths(self) -&gt; dict:<br/>        if self._paths[&quot;driver_path&quot;]:<br/>            return self._paths<br/>    <br/>        browser = self._options.capabilities[&quot;browserName&quot;]<br/>        try:<br/>            path = self._service.path<br/>            if path:<br/>                logger.debug(<br/>                    &quot;Skipping Selenium Manager; path to %s driver specified in Service class: %s&quot;, browser, path<br/>                )<br/>                if not Path(path).is_file():<br/>                    raise ValueError(f&quot;The path is not a valid file: {path}&quot;)<br/>                self._paths[&quot;driver_path&quot;] = path<br/>            else:<br/>&gt;               output = SeleniumManager().binary_paths(self._to_args())<br/><br/>.pythonlibs/lib/python3.11/site-packages/selenium/webdriver/common/driver_finder.py:67: <br/>_ _ _ _ _ _ _ _ _ _ _ _ _ _ _ _ _ _ _ _ _ _ _ _ _ _ _ _ _ _ _ _ _ _ _ _ _ _ _ _ <br/>.pythonlibs/lib/python3.11/site-packages/selenium/webdriver/common/selenium_manager.py:55: in binary_paths<br/>    return self._run(args)<br/>_ _ _ _ _ _ _ _ _ _ _ _ _ _ _ _ _ _ _ _ _ _ _ _ _ _ _ _ _ _ _ _ _ _ _ _ _ _ _ _ <br/><br/>args = [&#x27;/home/runner/workspace/.pythonlibs/lib/python3.11/site-packages/selenium/webdriver/common/linux/selenium-manager&#x27;, &#x27;--browser&#x27;, &#x27;chrome&#x27;, &#x27;--browser-path&#x27;, &#x27;/usr/bin/chromium&#x27;, &#x27;--language-binding&#x27;, ...]<br/><br/>    @staticmethod<br/>    def _run(args: List[str]) -&gt; dict:<br/>        &quot;&quot;&quot;Executes the Selenium Manager Binary.<br/>    <br/>        :Args:<br/>         - args: the components of the command being executed.<br/>        :Returns: The log string containing the driver location.<br/>        &quot;&quot;&quot;<br/>        command = &quot; &quot;.join(args)<br/>        logger.debug(&quot;Executing process: %s&quot;, command)<br/>        try:<br/>            if sys.platform == &quot;win32&quot;:<br/>                completed_proc = subprocess.run(args, capture_output=True, creationflags=subprocess.CREATE_NO_WINDOW)<br/>            else:<br/>                completed_proc = subprocess.run(args, capture_output=True)<br/>            stdout = completed_proc.stdout.decode(&quot;utf-8&quot;).rstrip(&quot;\n&quot;)<br/>            stderr = completed_proc.stderr.decode(&quot;utf-8&quot;).rstrip(&quot;\n&quot;)<br/>            output = json.loads(stdout) if stdout != &quot;&quot; else {&quot;logs&quot;: [], &quot;result&quot;: {}}<br/>        except Exception as err:<br/>            raise WebDriverException(f&quot;Unsuccessful command executed: {command}&quot;) from err<br/>    <br/>        SeleniumManager._process_logs(output[&quot;logs&quot;])<br/>        result = output[&quot;result&quot;]<br/>        if completed_proc.returncode:<br/>&gt;           raise WebDriverException(<br/>                f&quot;Unsuccessful command executed: {command}; code: {completed_proc.returncode}\n{result}\n{stderr}&quot;<br/>            )<br/><span class="error">E           selenium.common.exceptions.WebDriverException: Message: Unsuccessful command executed: /home/runner/workspace/.pythonlibs/lib/python3.11/site-packages/selenium/webdriver/common/linux/selenium-manager --browser chrome --browser-path /usr/bin/chromium --language-binding python --output json; code: 65</span><br/><span class="error">E           {&#x27;code&#x27;: 65, &#x27;message&#x27;: &#x27;Browser path does not exist: /usr/bin/chromium&#x27;, &#x27;driver_path&#x27;: &#x27;&#x27;, &#x27;browser_path&#x27;: &#x27;&#x27;}</span><br/><br/>.pythonlibs/lib/python3.11/site-packages/selenium/webdriver/common/selenium_manager.py:129: WebDriverException<br/><br/>The above exception was the direct cause of the following exception:<br/><br/>request = &lt;SubRequest &#x27;driver&#x27; for &lt;Function test_complete_flight_booking&gt;&gt;<br/>env = &#x27;staging&#x27;, logger = &lt;Logger travel_booking_tests (INFO)&gt;<br/><br/>    @pytest.fixture(scope=&quot;function&quot;)<br/>    def driver(request, env, logger):<br/>        browser = request.config.getoption(&quot;--browser&quot;)<br/>&gt;       driver = DriverFactory.get_driver(browser)<br/><br/>conftest.py:25: <br/>_ _ _ _ _ _ _ _ _ _ _ _ _ _ _ _ _ _ _ _ _ _ _ _ _ _ _ _ _ _ _ _ _ _ _ _ _ _ _ _ <br/>utilities/driver_factory.py:32: in get_driver<br/>    return webdriver.Chrome(service=service, options=options)<br/>.pythonlibs/lib/python3.11/site-packages/selenium/webdriver/chrome/webdriver.py:45: in __init__<br/>    super().__init__(<br/>.pythonlibs/lib/python3.11/site-packages/selenium/webdriver/chromium/webdriver.py:50: in __init__<br/>    if finder.get_browser_path():<br/>.pythonlibs/lib/python3.11/site-packages/selenium/webdriver/common/driver_finder.py:47: in get_browser_path<br/>    return self._binary_paths()[&quot;browser_path&quot;]<br/>_ _ _ _ _ _ _ _ _ _ _ _ _ _ _ _ _ _ _ _ _ _ _ _ _ _ _ _ _ _ _ _ _ _ _ _ _ _ _ _ <br/><br/>self = &lt;selenium.webdriver.common.driver_finder.DriverFinder object at 0x7f59babe1790&gt;<br/><br/>    def _binary_paths(self) -&gt; dict:<br/>        if self._paths[&quot;driver_path&quot;]:<br/>            return self._paths<br/>    <br/>        browser = self._options.capabilities[&quot;browserName&quot;]<br/>        try:<br/>            path = self._service.path<br/>            if path:<br/>                logger.debug(<br/>                    &quot;Skipping Selenium Manager; path to %s driver specified in Service class: %s&quot;, browser, path<br/>                )<br/>                if not Path(path).is_file():<br/>                    raise ValueError(f&quot;The path is not a valid file: {path}&quot;)<br/>                self._paths[&quot;driver_path&quot;] = path<br/>            else:<br/>                output = SeleniumManager().binary_paths(self._to_args())<br/>                if Path(output[&quot;driver_path&quot;]).is_file():<br/>                    self._paths[&quot;driver_path&quot;] = output[&quot;driver_path&quot;]<br/>                else:<br/>                    raise ValueError(f&#x27;The driver path is not a valid file: {output[&quot;driver_path&quot;]}&#x27;)<br/>                if Path(output[&quot;browser_path&quot;]).is_file():<br/>                    self._paths[&quot;browser_path&quot;] = output[&quot;browser_path&quot;]<br/>                else:<br/>                    raise ValueError(f&#x27;The browser path is not a valid file: {output[&quot;browser_path&quot;]}&#x27;)<br/>        except Exception as err:<br/>            msg = f&quot;Unable to obtain driver for {browser}&quot;<br/>&gt;           raise NoSuchDriverException(msg) from err<br/><span class="error">E           selenium.common.exceptions.NoSuchDriverException: Message: Unable to obtain driver for chrome; For documentation on this error, please visit: https://www.selenium.dev/documentation/webdriver/troubleshooting/errors/driver_location</span><br/><br/>.pythonlibs/lib/python3.11/site-packages/selenium/webdriver/common/driver_finder.py:78: NoSuchDriverException<br/> -----------------------------Captured stderr setup------------------------------ <br/>2025-02-16 14:11:56,069 - INFO - Starting test
<br/> -------------------------------Captured log setup------------------------------- <br/>INFO     travel_booking_tests:conftest.py:58 Starting test<br/> ----------------------------Captured stderr teardown---------------------------- <br/>2025-02-16 14:11:56,149 - INFO - Test completed
<br/> -----------------------------Captured log teardown------------------------------ <br/>INFO     travel_booking_tests:conftest.py:60 Test completed<br/></div></td></tr></tbody>
      <tbody class="error results-table-row">
        <tr>
          <td class="col-result">Error</td>
          <td class="col-name">tests/ui/test_search_flights.py::TestSearchFlights::test_search_one_way_flight::setup</td>
          <td class="col-duration">0.03</td>
          <td class="col-links"></td></tr>
        <tr>
          <td class="extra" colspan="4">
            <div class="log">self = &lt;selenium.webdriver.common.driver_finder.DriverFinder object at 0x7f59bac4d6d0&gt;<br/><br/>    def _binary_paths(self) -&gt; dict:<br/>        if self._paths[&quot;driver_path&quot;]:<br/>            return self._paths<br/>    <br/>        browser = self._options.capabilities[&quot;browserName&quot;]<br/>        try:<br/>            path = self._service.path<br/>            if path:<br/>                logger.debug(<br/>                    &quot;Skipping Selenium Manager; path to %s driver specified in Service class: %s&quot;, browser, path<br/>                )<br/>                if not Path(path).is_file():<br/>                    raise ValueError(f&quot;The path is not a valid file: {path}&quot;)<br/>                self._paths[&quot;driver_path&quot;] = path<br/>            else:<br/>&gt;               output = SeleniumManager().binary_paths(self._to_args())<br/><br/>.pythonlibs/lib/python3.11/site-packages/selenium/webdriver/common/driver_finder.py:67: <br/>_ _ _ _ _ _ _ _ _ _ _ _ _ _ _ _ _ _ _ _ _ _ _ _ _ _ _ _ _ _ _ _ _ _ _ _ _ _ _ _ <br/>.pythonlibs/lib/python3.11/site-packages/selenium/webdriver/common/selenium_manager.py:55: in binary_paths<br/>    return self._run(args)<br/>_ _ _ _ _ _ _ _ _ _ _ _ _ _ _ _ _ _ _ _ _ _ _ _ _ _ _ _ _ _ _ _ _ _ _ _ _ _ _ _ <br/><br/>args = [&#x27;/home/runner/workspace/.pythonlibs/lib/python3.11/site-packages/selenium/webdriver/common/linux/selenium-manager&#x27;, &#x27;--browser&#x27;, &#x27;chrome&#x27;, &#x27;--browser-path&#x27;, &#x27;/usr/bin/chromium&#x27;, &#x27;--language-binding&#x27;, ...]<br/><br/>    @staticmethod<br/>    def _run(args: List[str]) -&gt; dict:<br/>        &quot;&quot;&quot;Executes the Selenium Manager Binary.<br/>    <br/>        :Args:<br/>         - args: the components of the command being executed.<br/>        :Returns: The log string containing the driver location.<br/>        &quot;&quot;&quot;<br/>        command = &quot; &quot;.join(args)<br/>        logger.debug(&quot;Executing process: %s&quot;, command)<br/>        try:<br/>            if sys.platform == &quot;win32&quot;:<br/>                completed_proc = subprocess.run(args, capture_output=True, creationflags=subprocess.CREATE_NO_WINDOW)<br/>            else:<br/>                completed_proc = subprocess.run(args, capture_output=True)<br/>            stdout = completed_proc.stdout.decode(&quot;utf-8&quot;).rstrip(&quot;\n&quot;)<br/>            stderr = completed_proc.stderr.decode(&quot;utf-8&quot;).rstrip(&quot;\n&quot;)<br/>            output = json.loads(stdout) if stdout != &quot;&quot; else {&quot;logs&quot;: [], &quot;result&quot;: {}}<br/>        except Exception as err:<br/>            raise WebDriverException(f&quot;Unsuccessful command executed: {command}&quot;) from err<br/>    <br/>        SeleniumManager._process_logs(output[&quot;logs&quot;])<br/>        result = output[&quot;result&quot;]<br/>        if completed_proc.returncode:<br/>&gt;           raise WebDriverException(<br/>                f&quot;Unsuccessful command executed: {command}; code: {completed_proc.returncode}\n{result}\n{stderr}&quot;<br/>            )<br/><span class="error">E           selenium.common.exceptions.WebDriverException: Message: Unsuccessful command executed: /home/runner/workspace/.pythonlibs/lib/python3.11/site-packages/selenium/webdriver/common/linux/selenium-manager --browser chrome --browser-path /usr/bin/chromium --language-binding python --output json; code: 65</span><br/><span class="error">E           {&#x27;code&#x27;: 65, &#x27;message&#x27;: &#x27;Browser path does not exist: /usr/bin/chromium&#x27;, &#x27;driver_path&#x27;: &#x27;&#x27;, &#x27;browser_path&#x27;: &#x27;&#x27;}</span><br/><br/>.pythonlibs/lib/python3.11/site-packages/selenium/webdriver/common/selenium_manager.py:129: WebDriverException<br/><br/>The above exception was the direct cause of the following exception:<br/><br/>request = &lt;SubRequest &#x27;driver&#x27; for &lt;Function test_search_one_way_flight&gt;&gt;<br/>env = &#x27;staging&#x27;, logger = &lt;Logger travel_booking_tests (INFO)&gt;<br/><br/>    @pytest.fixture(scope=&quot;function&quot;)<br/>    def driver(request, env, logger):<br/>        browser = request.config.getoption(&quot;--browser&quot;)<br/>&gt;       driver = DriverFactory.get_driver(browser)<br/><br/>conftest.py:25: <br/>_ _ _ _ _ _ _ _ _ _ _ _ _ _ _ _ _ _ _ _ _ _ _ _ _ _ _ _ _ _ _ _ _ _ _ _ _ _ _ _ <br/>utilities/driver_factory.py:32: in get_driver<br/>    return webdriver.Chrome(service=service, options=options)<br/>.pythonlibs/lib/python3.11/site-packages/selenium/webdriver/chrome/webdriver.py:45: in __init__<br/>    super().__init__(<br/>.pythonlibs/lib/python3.11/site-packages/selenium/webdriver/chromium/webdriver.py:50: in __init__<br/>    if finder.get_browser_path():<br/>.pythonlibs/lib/python3.11/site-packages/selenium/webdriver/common/driver_finder.py:47: in get_browser_path<br/>    return self._binary_paths()[&quot;browser_path&quot;]<br/>_ _ _ _ _ _ _ _ _ _ _ _ _ _ _ _ _ _ _ _ _ _ _ _ _ _ _ _ _ _ _ _ _ _ _ _ _ _ _ _ <br/><br/>self = &lt;selenium.webdriver.common.driver_finder.DriverFinder object at 0x7f59bac4d6d0&gt;<br/><br/>    def _binary_paths(self) -&gt; dict:<br/>        if self._paths[&quot;driver_path&quot;]:<br/>            return self._paths<br/>    <br/>        browser = self._options.capabilities[&quot;browserName&quot;]<br/>        try:<br/>            path = self._service.path<br/>            if path:<br/>                logger.debug(<br/>                    &quot;Skipping Selenium Manager; path to %s driver specified in Service class: %s&quot;, browser, path<br/>                )<br/>                if not Path(path).is_file():<br/>                    raise ValueError(f&quot;The path is not a valid file: {path}&quot;)<br/>                self._paths[&quot;driver_path&quot;] = path<br/>            else:<br/>                output = SeleniumManager().binary_paths(self._to_args())<br/>                if Path(output[&quot;driver_path&quot;]).is_file():<br/>                    self._paths[&quot;driver_path&quot;] = output[&quot;driver_path&quot;]<br/>                else:<br/>                    raise ValueError(f&#x27;The driver path is not a valid file: {output[&quot;driver_path&quot;]}&#x27;)<br/>                if Path(output[&quot;browser_path&quot;]).is_file():<br/>                    self._paths[&quot;browser_path&quot;] = output[&quot;browser_path&quot;]<br/>                else:<br/>                    raise ValueError(f&#x27;The browser path is not a valid file: {output[&quot;browser_path&quot;]}&#x27;)<br/>        except Exception as err:<br/>            msg = f&quot;Unable to obtain driver for {browser}&quot;<br/>&gt;           raise NoSuchDriverException(msg) from err<br/><span class="error">E           selenium.common.exceptions.NoSuchDriverException: Message: Unable to obtain driver for chrome; For documentation on this error, please visit: https://www.selenium.dev/documentation/webdriver/troubleshooting/errors/driver_location</span><br/><br/>.pythonlibs/lib/python3.11/site-packages/selenium/webdriver/common/driver_finder.py:78: NoSuchDriverException<br/> -----------------------------Captured stderr setup------------------------------ <br/>2025-02-16 14:11:56,150 - INFO - Starting test
<br/> -------------------------------Captured log setup------------------------------- <br/>INFO     travel_booking_tests:conftest.py:58 Starting test<br/> ----------------------------Captured stderr teardown---------------------------- <br/>2025-02-16 14:11:56,202 - INFO - Test completed
<br/> -----------------------------Captured log teardown------------------------------ <br/>INFO     travel_booking_tests:conftest.py:60 Test completed<br/></div></td></tr></tbody>
      <tbody class="error results-table-row">
        <tr>
          <td class="col-result">Error</td>
          <td class="col-name">tests/ui/test_search_flights.py::TestSearchFlights::test_search_round_trip_flight::setup</td>
          <td class="col-duration">0.03</td>
          <td class="col-links"></td></tr>
        <tr>
          <td class="extra" colspan="4">
            <div class="log">self = &lt;selenium.webdriver.common.driver_finder.DriverFinder object at 0x7f59bac37b50&gt;<br/><br/>    def _binary_paths(self) -&gt; dict:<br/>        if self._paths[&quot;driver_path&quot;]:<br/>            return self._paths<br/>    <br/>        browser = self._options.capabilities[&quot;browserName&quot;]<br/>        try:<br/>            path = self._service.path<br/>            if path:<br/>                logger.debug(<br/>                    &quot;Skipping Selenium Manager; path to %s driver specified in Service class: %s&quot;, browser, path<br/>                )<br/>                if not Path(path).is_file():<br/>                    raise ValueError(f&quot;The path is not a valid file: {path}&quot;)<br/>                self._paths[&quot;driver_path&quot;] = path<br/>            else:<br/>&gt;               output = SeleniumManager().binary_paths(self._to_args())<br/><br/>.pythonlibs/lib/python3.11/site-packages/selenium/webdriver/common/driver_finder.py:67: <br/>_ _ _ _ _ _ _ _ _ _ _ _ _ _ _ _ _ _ _ _ _ _ _ _ _ _ _ _ _ _ _ _ _ _ _ _ _ _ _ _ <br/>.pythonlibs/lib/python3.11/site-packages/selenium/webdriver/common/selenium_manager.py:55: in binary_paths<br/>    return self._run(args)<br/>_ _ _ _ _ _ _ _ _ _ _ _ _ _ _ _ _ _ _ _ _ _ _ _ _ _ _ _ _ _ _ _ _ _ _ _ _ _ _ _ <br/><br/>args = [&#x27;/home/runner/workspace/.pythonlibs/lib/python3.11/site-packages/selenium/webdriver/common/linux/selenium-manager&#x27;, &#x27;--browser&#x27;, &#x27;chrome&#x27;, &#x27;--browser-path&#x27;, &#x27;/usr/bin/chromium&#x27;, &#x27;--language-binding&#x27;, ...]<br/><br/>    @staticmethod<br/>    def _run(args: List[str]) -&gt; dict:<br/>        &quot;&quot;&quot;Executes the Selenium Manager Binary.<br/>    <br/>        :Args:<br/>         - args: the components of the command being executed.<br/>        :Returns: The log string containing the driver location.<br/>        &quot;&quot;&quot;<br/>        command = &quot; &quot;.join(args)<br/>        logger.debug(&quot;Executing process: %s&quot;, command)<br/>        try:<br/>            if sys.platform == &quot;win32&quot;:<br/>                completed_proc = subprocess.run(args, capture_output=True, creationflags=subprocess.CREATE_NO_WINDOW)<br/>            else:<br/>                completed_proc = subprocess.run(args, capture_output=True)<br/>            stdout = completed_proc.stdout.decode(&quot;utf-8&quot;).rstrip(&quot;\n&quot;)<br/>            stderr = completed_proc.stderr.decode(&quot;utf-8&quot;).rstrip(&quot;\n&quot;)<br/>            output = json.loads(stdout) if stdout != &quot;&quot; else {&quot;logs&quot;: [], &quot;result&quot;: {}}<br/>        except Exception as err:<br/>            raise WebDriverException(f&quot;Unsuccessful command executed: {command}&quot;) from err<br/>    <br/>        SeleniumManager._process_logs(output[&quot;logs&quot;])<br/>        result = output[&quot;result&quot;]<br/>        if completed_proc.returncode:<br/>&gt;           raise WebDriverException(<br/>                f&quot;Unsuccessful command executed: {command}; code: {completed_proc.returncode}\n{result}\n{stderr}&quot;<br/>            )<br/><span class="error">E           selenium.common.exceptions.WebDriverException: Message: Unsuccessful command executed: /home/runner/workspace/.pythonlibs/lib/python3.11/site-packages/selenium/webdriver/common/linux/selenium-manager --browser chrome --browser-path /usr/bin/chromium --language-binding python --output json; code: 65</span><br/><span class="error">E           {&#x27;code&#x27;: 65, &#x27;message&#x27;: &#x27;Browser path does not exist: /usr/bin/chromium&#x27;, &#x27;driver_path&#x27;: &#x27;&#x27;, &#x27;browser_path&#x27;: &#x27;&#x27;}</span><br/><br/>.pythonlibs/lib/python3.11/site-packages/selenium/webdriver/common/selenium_manager.py:129: WebDriverException<br/><br/>The above exception was the direct cause of the following exception:<br/><br/>request = &lt;SubRequest &#x27;driver&#x27; for &lt;Function test_search_round_trip_flight&gt;&gt;<br/>env = &#x27;staging&#x27;, logger = &lt;Logger travel_booking_tests (INFO)&gt;<br/><br/>    @pytest.fixture(scope=&quot;function&quot;)<br/>    def driver(request, env, logger):<br/>        browser = request.config.getoption(&quot;--browser&quot;)<br/>&gt;       driver = DriverFactory.get_driver(browser)<br/><br/>conftest.py:25: <br/>_ _ _ _ _ _ _ _ _ _ _ _ _ _ _ _ _ _ _ _ _ _ _ _ _ _ _ _ _ _ _ _ _ _ _ _ _ _ _ _ <br/>utilities/driver_factory.py:32: in get_driver<br/>    return webdriver.Chrome(service=service, options=options)<br/>.pythonlibs/lib/python3.11/site-packages/selenium/webdriver/chrome/webdriver.py:45: in __init__<br/>    super().__init__(<br/>.pythonlibs/lib/python3.11/site-packages/selenium/webdriver/chromium/webdriver.py:50: in __init__<br/>    if finder.get_browser_path():<br/>.pythonlibs/lib/python3.11/site-packages/selenium/webdriver/common/driver_finder.py:47: in get_browser_path<br/>    return self._binary_paths()[&quot;browser_path&quot;]<br/>_ _ _ _ _ _ _ _ _ _ _ _ _ _ _ _ _ _ _ _ _ _ _ _ _ _ _ _ _ _ _ _ _ _ _ _ _ _ _ _ <br/><br/>self = &lt;selenium.webdriver.common.driver_finder.DriverFinder object at 0x7f59bac37b50&gt;<br/><br/>    def _binary_paths(self) -&gt; dict:<br/>        if self._paths[&quot;driver_path&quot;]:<br/>            return self._paths<br/>    <br/>        browser = self._options.capabilities[&quot;browserName&quot;]<br/>        try:<br/>            path = self._service.path<br/>            if path:<br/>                logger.debug(<br/>                    &quot;Skipping Selenium Manager; path to %s driver specified in Service class: %s&quot;, browser, path<br/>                )<br/>                if not Path(path).is_file():<br/>                    raise ValueError(f&quot;The path is not a valid file: {path}&quot;)<br/>                self._paths[&quot;driver_path&quot;] = path<br/>            else:<br/>                output = SeleniumManager().binary_paths(self._to_args())<br/>                if Path(output[&quot;driver_path&quot;]).is_file():<br/>                    self._paths[&quot;driver_path&quot;] = output[&quot;driver_path&quot;]<br/>                else:<br/>                    raise ValueError(f&#x27;The driver path is not a valid file: {output[&quot;driver_path&quot;]}&#x27;)<br/>                if Path(output[&quot;browser_path&quot;]).is_file():<br/>                    self._paths[&quot;browser_path&quot;] = output[&quot;browser_path&quot;]<br/>                else:<br/>                    raise ValueError(f&#x27;The browser path is not a valid file: {output[&quot;browser_path&quot;]}&#x27;)<br/>        except Exception as err:<br/>            msg = f&quot;Unable to obtain driver for {browser}&quot;<br/>&gt;           raise NoSuchDriverException(msg) from err<br/><span class="error">E           selenium.common.exceptions.NoSuchDriverException: Message: Unable to obtain driver for chrome; For documentation on this error, please visit: https://www.selenium.dev/documentation/webdriver/troubleshooting/errors/driver_location</span><br/><br/>.pythonlibs/lib/python3.11/site-packages/selenium/webdriver/common/driver_finder.py:78: NoSuchDriverException<br/> -----------------------------Captured stderr setup------------------------------ <br/>2025-02-16 14:11:56,203 - INFO - Starting test
<br/> -------------------------------Captured log setup------------------------------- <br/>INFO     travel_booking_tests:conftest.py:58 Starting test<br/> ----------------------------Captured stderr teardown---------------------------- <br/>2025-02-16 14:11:56,262 - INFO - Test completed
<br/> -----------------------------Captured log teardown------------------------------ <br/>INFO     travel_booking_tests:conftest.py:60 Test completed<br/></div></td></tr></tbody>
      <tbody class="error results-table-row">
        <tr>
          <td class="col-result">Error</td>
          <td class="col-name">tests/ui/test_search_flights.py::TestSearchFlights::test_invalid_search_criteria::setup</td>
          <td class="col-duration">0.03</td>
          <td class="col-links"></td></tr>
        <tr>
          <td class="extra" colspan="4">
            <div class="log">self = &lt;selenium.webdriver.common.driver_finder.DriverFinder object at 0x7f59bac2d250&gt;<br/><br/>    def _binary_paths(self) -&gt; dict:<br/>        if self._paths[&quot;driver_path&quot;]:<br/>            return self._paths<br/>    <br/>        browser = self._options.capabilities[&quot;browserName&quot;]<br/>        try:<br/>            path = self._service.path<br/>            if path:<br/>                logger.debug(<br/>                    &quot;Skipping Selenium Manager; path to %s driver specified in Service class: %s&quot;, browser, path<br/>                )<br/>                if not Path(path).is_file():<br/>                    raise ValueError(f&quot;The path is not a valid file: {path}&quot;)<br/>                self._paths[&quot;driver_path&quot;] = path<br/>            else:<br/>&gt;               output = SeleniumManager().binary_paths(self._to_args())<br/><br/>.pythonlibs/lib/python3.11/site-packages/selenium/webdriver/common/driver_finder.py:67: <br/>_ _ _ _ _ _ _ _ _ _ _ _ _ _ _ _ _ _ _ _ _ _ _ _ _ _ _ _ _ _ _ _ _ _ _ _ _ _ _ _ <br/>.pythonlibs/lib/python3.11/site-packages/selenium/webdriver/common/selenium_manager.py:55: in binary_paths<br/>    return self._run(args)<br/>_ _ _ _ _ _ _ _ _ _ _ _ _ _ _ _ _ _ _ _ _ _ _ _ _ _ _ _ _ _ _ _ _ _ _ _ _ _ _ _ <br/><br/>args = [&#x27;/home/runner/workspace/.pythonlibs/lib/python3.11/site-packages/selenium/webdriver/common/linux/selenium-manager&#x27;, &#x27;--browser&#x27;, &#x27;chrome&#x27;, &#x27;--browser-path&#x27;, &#x27;/usr/bin/chromium&#x27;, &#x27;--language-binding&#x27;, ...]<br/><br/>    @staticmethod<br/>    def _run(args: List[str]) -&gt; dict:<br/>        &quot;&quot;&quot;Executes the Selenium Manager Binary.<br/>    <br/>        :Args:<br/>         - args: the components of the command being executed.<br/>        :Returns: The log string containing the driver location.<br/>        &quot;&quot;&quot;<br/>        command = &quot; &quot;.join(args)<br/>        logger.debug(&quot;Executing process: %s&quot;, command)<br/>        try:<br/>            if sys.platform == &quot;win32&quot;:<br/>                completed_proc = subprocess.run(args, capture_output=True, creationflags=subprocess.CREATE_NO_WINDOW)<br/>            else:<br/>                completed_proc = subprocess.run(args, capture_output=True)<br/>            stdout = completed_proc.stdout.decode(&quot;utf-8&quot;).rstrip(&quot;\n&quot;)<br/>            stderr = completed_proc.stderr.decode(&quot;utf-8&quot;).rstrip(&quot;\n&quot;)<br/>            output = json.loads(stdout) if stdout != &quot;&quot; else {&quot;logs&quot;: [], &quot;result&quot;: {}}<br/>        except Exception as err:<br/>            raise WebDriverException(f&quot;Unsuccessful command executed: {command}&quot;) from err<br/>    <br/>        SeleniumManager._process_logs(output[&quot;logs&quot;])<br/>        result = output[&quot;result&quot;]<br/>        if completed_proc.returncode:<br/>&gt;           raise WebDriverException(<br/>                f&quot;Unsuccessful command executed: {command}; code: {completed_proc.returncode}\n{result}\n{stderr}&quot;<br/>            )<br/><span class="error">E           selenium.common.exceptions.WebDriverException: Message: Unsuccessful command executed: /home/runner/workspace/.pythonlibs/lib/python3.11/site-packages/selenium/webdriver/common/linux/selenium-manager --browser chrome --browser-path /usr/bin/chromium --language-binding python --output json; code: 65</span><br/><span class="error">E           {&#x27;code&#x27;: 65, &#x27;message&#x27;: &#x27;Browser path does not exist: /usr/bin/chromium&#x27;, &#x27;driver_path&#x27;: &#x27;&#x27;, &#x27;browser_path&#x27;: &#x27;&#x27;}</span><br/><br/>.pythonlibs/lib/python3.11/site-packages/selenium/webdriver/common/selenium_manager.py:129: WebDriverException<br/><br/>The above exception was the direct cause of the following exception:<br/><br/>request = &lt;SubRequest &#x27;driver&#x27; for &lt;Function test_invalid_search_criteria&gt;&gt;<br/>env = &#x27;staging&#x27;, logger = &lt;Logger travel_booking_tests (INFO)&gt;<br/><br/>    @pytest.fixture(scope=&quot;function&quot;)<br/>    def driver(request, env, logger):<br/>        browser = request.config.getoption(&quot;--browser&quot;)<br/>&gt;       driver = DriverFactory.get_driver(browser)<br/><br/>conftest.py:25: <br/>_ _ _ _ _ _ _ _ _ _ _ _ _ _ _ _ _ _ _ _ _ _ _ _ _ _ _ _ _ _ _ _ _ _ _ _ _ _ _ _ <br/>utilities/driver_factory.py:32: in get_driver<br/>    return webdriver.Chrome(service=service, options=options)<br/>.pythonlibs/lib/python3.11/site-packages/selenium/webdriver/chrome/webdriver.py:45: in __init__<br/>    super().__init__(<br/>.pythonlibs/lib/python3.11/site-packages/selenium/webdriver/chromium/webdriver.py:50: in __init__<br/>    if finder.get_browser_path():<br/>.pythonlibs/lib/python3.11/site-packages/selenium/webdriver/common/driver_finder.py:47: in get_browser_path<br/>    return self._binary_paths()[&quot;browser_path&quot;]<br/>_ _ _ _ _ _ _ _ _ _ _ _ _ _ _ _ _ _ _ _ _ _ _ _ _ _ _ _ _ _ _ _ _ _ _ _ _ _ _ _ <br/><br/>self = &lt;selenium.webdriver.common.driver_finder.DriverFinder object at 0x7f59bac2d250&gt;<br/><br/>    def _binary_paths(self) -&gt; dict:<br/>        if self._paths[&quot;driver_path&quot;]:<br/>            return self._paths<br/>    <br/>        browser = self._options.capabilities[&quot;browserName&quot;]<br/>        try:<br/>            path = self._service.path<br/>            if path:<br/>                logger.debug(<br/>                    &quot;Skipping Selenium Manager; path to %s driver specified in Service class: %s&quot;, browser, path<br/>                )<br/>                if not Path(path).is_file():<br/>                    raise ValueError(f&quot;The path is not a valid file: {path}&quot;)<br/>                self._paths[&quot;driver_path&quot;] = path<br/>            else:<br/>                output = SeleniumManager().binary_paths(self._to_args())<br/>                if Path(output[&quot;driver_path&quot;]).is_file():<br/>                    self._paths[&quot;driver_path&quot;] = output[&quot;driver_path&quot;]<br/>                else:<br/>                    raise ValueError(f&#x27;The driver path is not a valid file: {output[&quot;driver_path&quot;]}&#x27;)<br/>                if Path(output[&quot;browser_path&quot;]).is_file():<br/>                    self._paths[&quot;browser_path&quot;] = output[&quot;browser_path&quot;]<br/>                else:<br/>                    raise ValueError(f&#x27;The browser path is not a valid file: {output[&quot;browser_path&quot;]}&#x27;)<br/>        except Exception as err:<br/>            msg = f&quot;Unable to obtain driver for {browser}&quot;<br/>&gt;           raise NoSuchDriverException(msg) from err<br/><span class="error">E           selenium.common.exceptions.NoSuchDriverException: Message: Unable to obtain driver for chrome; For documentation on this error, please visit: https://www.selenium.dev/documentation/webdriver/troubleshooting/errors/driver_location</span><br/><br/>.pythonlibs/lib/python3.11/site-packages/selenium/webdriver/common/driver_finder.py:78: NoSuchDriverException<br/> -----------------------------Captured stderr setup------------------------------ <br/>2025-02-16 14:11:56,263 - INFO - Starting test
<br/> -------------------------------Captured log setup------------------------------- <br/>INFO     travel_booking_tests:conftest.py:58 Starting test<br/> ----------------------------Captured stderr teardown---------------------------- <br/>2025-02-16 14:11:56,311 - INFO - Test completed
<br/> -----------------------------Captured log teardown------------------------------ <br/>INFO     travel_booking_tests:conftest.py:60 Test completed<br/></div></td></tr></tbody>
      <tbody class="error results-table-row">
        <tr>
          <td class="col-result">Error</td>
          <td class="col-name">tests/ui/test_search_flights.py::TestSearchFlights::test_search_filters::setup</td>
          <td class="col-duration">0.03</td>
          <td class="col-links"></td></tr>
        <tr>
          <td class="extra" colspan="4">
            <div class="log">self = &lt;selenium.webdriver.common.driver_finder.DriverFinder object at 0x7f59badd7690&gt;<br/><br/>    def _binary_paths(self) -&gt; dict:<br/>        if self._paths[&quot;driver_path&quot;]:<br/>            return self._paths<br/>    <br/>        browser = self._options.capabilities[&quot;browserName&quot;]<br/>        try:<br/>            path = self._service.path<br/>            if path:<br/>                logger.debug(<br/>                    &quot;Skipping Selenium Manager; path to %s driver specified in Service class: %s&quot;, browser, path<br/>                )<br/>                if not Path(path).is_file():<br/>                    raise ValueError(f&quot;The path is not a valid file: {path}&quot;)<br/>                self._paths[&quot;driver_path&quot;] = path<br/>            else:<br/>&gt;               output = SeleniumManager().binary_paths(self._to_args())<br/><br/>.pythonlibs/lib/python3.11/site-packages/selenium/webdriver/common/driver_finder.py:67: <br/>_ _ _ _ _ _ _ _ _ _ _ _ _ _ _ _ _ _ _ _ _ _ _ _ _ _ _ _ _ _ _ _ _ _ _ _ _ _ _ _ <br/>.pythonlibs/lib/python3.11/site-packages/selenium/webdriver/common/selenium_manager.py:55: in binary_paths<br/>    return self._run(args)<br/>_ _ _ _ _ _ _ _ _ _ _ _ _ _ _ _ _ _ _ _ _ _ _ _ _ _ _ _ _ _ _ _ _ _ _ _ _ _ _ _ <br/><br/>args = [&#x27;/home/runner/workspace/.pythonlibs/lib/python3.11/site-packages/selenium/webdriver/common/linux/selenium-manager&#x27;, &#x27;--browser&#x27;, &#x27;chrome&#x27;, &#x27;--browser-path&#x27;, &#x27;/usr/bin/chromium&#x27;, &#x27;--language-binding&#x27;, ...]<br/><br/>    @staticmethod<br/>    def _run(args: List[str]) -&gt; dict:<br/>        &quot;&quot;&quot;Executes the Selenium Manager Binary.<br/>    <br/>        :Args:<br/>         - args: the components of the command being executed.<br/>        :Returns: The log string containing the driver location.<br/>        &quot;&quot;&quot;<br/>        command = &quot; &quot;.join(args)<br/>        logger.debug(&quot;Executing process: %s&quot;, command)<br/>        try:<br/>            if sys.platform == &quot;win32&quot;:<br/>                completed_proc = subprocess.run(args, capture_output=True, creationflags=subprocess.CREATE_NO_WINDOW)<br/>            else:<br/>                completed_proc = subprocess.run(args, capture_output=True)<br/>            stdout = completed_proc.stdout.decode(&quot;utf-8&quot;).rstrip(&quot;\n&quot;)<br/>            stderr = completed_proc.stderr.decode(&quot;utf-8&quot;).rstrip(&quot;\n&quot;)<br/>            output = json.loads(stdout) if stdout != &quot;&quot; else {&quot;logs&quot;: [], &quot;result&quot;: {}}<br/>        except Exception as err:<br/>            raise WebDriverException(f&quot;Unsuccessful command executed: {command}&quot;) from err<br/>    <br/>        SeleniumManager._process_logs(output[&quot;logs&quot;])<br/>        result = output[&quot;result&quot;]<br/>        if completed_proc.returncode:<br/>&gt;           raise WebDriverException(<br/>                f&quot;Unsuccessful command executed: {command}; code: {completed_proc.returncode}\n{result}\n{stderr}&quot;<br/>            )<br/><span class="error">E           selenium.common.exceptions.WebDriverException: Message: Unsuccessful command executed: /home/runner/workspace/.pythonlibs/lib/python3.11/site-packages/selenium/webdriver/common/linux/selenium-manager --browser chrome --browser-path /usr/bin/chromium --language-binding python --output json; code: 65</span><br/><span class="error">E           {&#x27;code&#x27;: 65, &#x27;message&#x27;: &#x27;Browser path does not exist: /usr/bin/chromium&#x27;, &#x27;driver_path&#x27;: &#x27;&#x27;, &#x27;browser_path&#x27;: &#x27;&#x27;}</span><br/><br/>.pythonlibs/lib/python3.11/site-packages/selenium/webdriver/common/selenium_manager.py:129: WebDriverException<br/><br/>The above exception was the direct cause of the following exception:<br/><br/>request = &lt;SubRequest &#x27;driver&#x27; for &lt;Function test_search_filters&gt;&gt;<br/>env = &#x27;staging&#x27;, logger = &lt;Logger travel_booking_tests (INFO)&gt;<br/><br/>    @pytest.fixture(scope=&quot;function&quot;)<br/>    def driver(request, env, logger):<br/>        browser = request.config.getoption(&quot;--browser&quot;)<br/>&gt;       driver = DriverFactory.get_driver(browser)<br/><br/>conftest.py:25: <br/>_ _ _ _ _ _ _ _ _ _ _ _ _ _ _ _ _ _ _ _ _ _ _ _ _ _ _ _ _ _ _ _ _ _ _ _ _ _ _ _ <br/>utilities/driver_factory.py:32: in get_driver<br/>    return webdriver.Chrome(service=service, options=options)<br/>.pythonlibs/lib/python3.11/site-packages/selenium/webdriver/chrome/webdriver.py:45: in __init__<br/>    super().__init__(<br/>.pythonlibs/lib/python3.11/site-packages/selenium/webdriver/chromium/webdriver.py:50: in __init__<br/>    if finder.get_browser_path():<br/>.pythonlibs/lib/python3.11/site-packages/selenium/webdriver/common/driver_finder.py:47: in get_browser_path<br/>    return self._binary_paths()[&quot;browser_path&quot;]<br/>_ _ _ _ _ _ _ _ _ _ _ _ _ _ _ _ _ _ _ _ _ _ _ _ _ _ _ _ _ _ _ _ _ _ _ _ _ _ _ _ <br/><br/>self = &lt;selenium.webdriver.common.driver_finder.DriverFinder object at 0x7f59badd7690&gt;<br/><br/>    def _binary_paths(self) -&gt; dict:<br/>        if self._paths[&quot;driver_path&quot;]:<br/>            return self._paths<br/>    <br/>        browser = self._options.capabilities[&quot;browserName&quot;]<br/>        try:<br/>            path = self._service.path<br/>            if path:<br/>                logger.debug(<br/>                    &quot;Skipping Selenium Manager; path to %s driver specified in Service class: %s&quot;, browser, path<br/>                )<br/>                if not Path(path).is_file():<br/>                    raise ValueError(f&quot;The path is not a valid file: {path}&quot;)<br/>                self._paths[&quot;driver_path&quot;] = path<br/>            else:<br/>                output = SeleniumManager().binary_paths(self._to_args())<br/>                if Path(output[&quot;driver_path&quot;]).is_file():<br/>                    self._paths[&quot;driver_path&quot;] = output[&quot;driver_path&quot;]<br/>                else:<br/>                    raise ValueError(f&#x27;The driver path is not a valid file: {output[&quot;driver_path&quot;]}&#x27;)<br/>                if Path(output[&quot;browser_path&quot;]).is_file():<br/>                    self._paths[&quot;browser_path&quot;] = output[&quot;browser_path&quot;]<br/>                else:<br/>                    raise ValueError(f&#x27;The browser path is not a valid file: {output[&quot;browser_path&quot;]}&#x27;)<br/>        except Exception as err:<br/>            msg = f&quot;Unable to obtain driver for {browser}&quot;<br/>&gt;           raise NoSuchDriverException(msg) from err<br/><span class="error">E           selenium.common.exceptions.NoSuchDriverException: Message: Unable to obtain driver for chrome; For documentation on this error, please visit: https://www.selenium.dev/documentation/webdriver/troubleshooting/errors/driver_location</span><br/><br/>.pythonlibs/lib/python3.11/site-packages/selenium/webdriver/common/driver_finder.py:78: NoSuchDriverException<br/> -----------------------------Captured stderr setup------------------------------ <br/>2025-02-16 14:11:56,313 - INFO - Starting test
<br/> -------------------------------Captured log setup------------------------------- <br/>INFO     travel_booking_tests:conftest.py:58 Starting test<br/> ----------------------------Captured stderr teardown---------------------------- <br/>2025-02-16 14:11:56,361 - INFO - Test completed
<br/> -----------------------------Captured log teardown------------------------------ <br/>INFO     travel_booking_tests:conftest.py:60 Test completed<br/></div></td></tr></tbody></table></body></html>